Loading parameters

Initial system energy
-531585.8493892984 kJ/mol

Energy minimization: 5000 steps
-493690.8469051649 kJ/mol

Generate initial velocities

MD run: 125000 steps
#"Progress (%)"	"Step"	"Time (ps)"	"Potential Energy (kJ/mole)"	"Temperature (K)"	"Speed (ns/day)"	"Time Remaining"
0.8%	1000	1.0000000000000007	-453693.56672341796	270.465561983258	0	--
1.6%	2000	1.9999999999998905	-445289.15584528306	285.36583749128357	18.5	9:33
2.4%	3000	2.9999999999997806	-441510.67687179893	293.3838502513641	18.5	9:29
3.2%	4000	3.9999999999996705	-438925.6152715818	296.32852937022415	18.5	9:24
4.0%	5000	5.000000000000004	-437959.2442009845	300.75547693135866	18.3	9:27
4.8%	6000	6.000000000000338	-437511.9950912809	303.20703852666946	18.3	9:21
5.6%	7000	7.000000000000672	-437046.948879465	303.9939423634343	18.4	9:15
6.4%	8000	8.000000000001005	-436814.9653445878	302.20834080486026	18.4	9:10
7.2%	9000	9.000000000000451	-436940.88459264906	305.5753639310784	18.4	9:05
8.0%	10000	9.999999999999897	-436525.5484214588	304.4895319964267	18.3	9:03
8.8%	11000	10.999999999999343	-436018.4402822035	303.6835240481966	18.3	8:57
9.6%	12000	11.999999999998789	-436506.6231253366	301.3407375800528	18.3	8:52
10.4%	13000	12.999999999998234	-435582.7057102495	302.31605433290457	18.3	8:48
11.2%	14000	13.99999999999768	-435514.3497864739	303.0839986047689	18.3	8:43
12.0%	15000	14.999999999997126	-436657.6598859099	306.0113927138836	18.3	8:40
12.8%	16000	15.999999999996572	-435812.560878986	301.4923337897453	18.3	8:35
13.6%	17000	16.999999999997794	-437502.309125992	302.7358140232507	18.3	8:30
14.4%	18000	17.999999999999016	-436797.69965889724	303.09276781619695	18.3	8:25
15.2%	19000	19.000000000000238	-436188.8042668137	304.176410398263	18.3	8:20
16.0%	20000	20.00000000000146	-436273.8350947737	302.95817894042744	18.2	8:18
16.8%	21000	21.000000000002682	-436889.121990738	305.9419751309186	18.2	8:13
17.6%	22000	22.000000000003904	-436615.82781228283	300.1075688248388	18.2	8:08
18.4%	23000	23.000000000005127	-436263.9255939671	299.1048029960824	18.2	8:03
19.2%	24000	24.00000000000635	-436477.7491528918	303.53500479851465	18.2	7:58
20.0%	25000	25.00000000000757	-436154.29177154554	302.076819174694	18.2	7:54
20.8%	26000	26.000000000008793	-436787.5280344668	306.75963383016375	18.2	7:50
21.6%	27000	27.000000000010015	-436955.96388951177	303.8801710818686	18.2	7:45
22.4%	28000	28.000000000011237	-436994.1057932959	303.75312183062624	18.2	7:40
23.2%	29000	29.00000000001246	-437460.9674983942	301.2161537517676	18.2	7:35
24.0%	30000	30.00000000001368	-436478.1062660832	301.42393330174895	18.2	7:31
24.8%	31000	31.000000000014904	-437549.83091479354	301.0945820014675	18.2	7:26
25.6%	32000	32.00000000001612	-436562.8178624739	300.5783162196933	18.2	7:21
26.4%	33000	33.00000000001379	-436601.2856451147	303.2930972949051	18.2	7:16
27.2%	34000	34.00000000001146	-437314.4863515259	302.67709814233046	18.2	7:12
28.0%	35000	35.00000000000913	-436549.74225256266	303.6845193241299	18.2	7:07
28.8%	36000	36.0000000000068	-436322.0123932059	302.20920521215896	18.2	7:03
29.6%	37000	37.00000000000447	-435867.3024252658	303.7651931658953	18.2	6:58
30.4%	38000	38.00000000000214	-436521.79027933115	305.59431093050256	18.2	6:53
31.2%	39000	38.99999999999981	-435921.0299863317	304.6615201543128	18.2	6:48
32.0%	40000	39.99999999999748	-436877.96207795525	304.99064537647604	18.2	6:44
32.8%	41000	40.99999999999515	-436760.8592504286	302.89509809724274	18.2	6:39
33.6%	42000	41.999999999992816	-436594.099444496	303.1772202970543	18.2	6:34
34.4%	43000	42.999999999990486	-436782.92447772203	304.77457943046494	18.2	6:30
35.2%	44000	43.999999999988155	-436975.06202314934	305.2486401646505	18.2	6:25
36.0%	45000	44.999999999985825	-437516.71114427084	306.2654236676095	18.1	6:20
36.8%	46000	45.999999999983494	-437293.2707710904	305.46765698841375	18.2	6:16
37.6%	47000	46.99999999998116	-437170.2949683699	302.05517843373104	18.2	6:11
38.4%	48000	47.99999999997883	-436534.62337054545	301.7039911039658	18.2	6:06
39.2%	49000	48.9999999999765	-436171.83636476146	301.3667811064391	18.2	6:01
40.0%	50000	49.99999999997417	-436315.8635192425	302.99957252735106	18.1	5:57
40.8%	51000	50.99999999997184	-436642.7309417878	304.549922537541	18.1	5:52
41.6%	52000	51.99999999996951	-436875.44594390364	300.99555188031263	18.1	5:47
42.4%	53000	52.99999999996718	-437655.2346337498	303.690559541553	18.2	5:42
43.2%	54000	53.99999999996485	-438390.9762321026	301.39305380864477	18.2	5:37
44.0%	55000	54.99999999996252	-438018.2005111226	303.68572062731045	18.1	5:33
44.8%	56000	55.99999999996019	-438037.5596729615	302.04270823412145	18.1	5:28
45.6%	57000	56.99999999995786	-437600.4435972334	300.34880566277104	18.1	5:23
46.4%	58000	57.99999999995553	-437800.5711361789	304.60737669498985	18.1	5:18
47.2%	59000	58.9999999999532	-437003.39351013163	302.5859744297305	18.2	5:14
48.0%	60000	59.999999999950866	-436805.03620379185	304.8226442296318	18.1	5:09
48.8%	61000	60.999999999948535	-437139.4362022686	302.6538287011224	18.1	5:04
49.6%	62000	61.999999999946205	-436801.2999733356	305.68440223303134	18.1	4:59
50.4%	63000	62.999999999943874	-436798.10543498443	305.06024799827276	18.1	4:55
51.2%	64000	63.999999999941544	-436385.14552055905	302.89399835909944	18.1	4:50
52.0%	65000	64.99999999994631	-435881.6414015484	304.0804623787033	18.1	4:45
52.8%	66000	65.99999999995109	-436968.42446164833	304.5122244933502	18.1	4:41
53.6%	67000	66.99999999995586	-437380.5803055004	302.73828394576356	18.1	4:36
54.4%	68000	67.99999999996064	-436723.96350836847	299.43824346810266	18.1	4:31
55.2%	69000	68.99999999996541	-437493.548436549	303.2850836539852	18.1	4:26
56.0%	70000	69.99999999997019	-436957.87261694344	304.89979515006155	18.1	4:22
56.8%	71000	70.99999999997496	-436881.21292431885	303.31061991475144	18.1	4:17
57.6%	72000	71.99999999997974	-437486.8533339952	301.5508695408638	18.1	4:12
58.4%	73000	72.99999999998451	-436772.51065504784	301.41377190640543	18.1	4:07
59.2%	74000	73.99999999998929	-436846.4629512043	301.9704235828535	18.1	4:03
60.0%	75000	74.99999999999406	-436757.75844454626	302.1984705361756	18.1	3:58
60.8%	76000	75.99999999999883	-436483.63392448286	305.15408619679226	18.1	3:53
61.6%	77000	77.00000000000361	-437088.1841585734	307.55326371594475	18.1	3:48
62.4%	78000	78.00000000000838	-436297.66192829283	302.3172617396049	18.1	3:43
63.2%	79000	79.00000000001316	-436593.3885337808	302.13437950645596	18.1	3:39
64.0%	80000	80.00000000001793	-436040.15604927996	304.37141885344937	18.1	3:34
64.8%	81000	81.00000000002271	-436135.4806747106	303.6845621662743	18.1	3:29
65.6%	82000	82.00000000002748	-436154.87385381246	302.83777932227366	18.1	3:24
66.4%	83000	83.00000000003226	-436417.67442372395	301.8218656598692	18.1	3:20
67.2%	84000	84.00000000003703	-437135.3061813018	305.645086645378	18.1	3:15
68.0%	85000	85.00000000004181	-435726.79509159224	302.9196572462548	18.1	3:10
68.8%	86000	86.00000000004658	-437679.82994605834	305.6994302483778	18.1	3:05
69.6%	87000	87.00000000005136	-436808.6104501602	300.9435883538055	18.1	3:01
70.4%	88000	88.00000000005613	-436078.8983530388	302.00568986035796	18.1	2:56
71.2%	89000	89.00000000006091	-436221.2546609747	302.1318946348671	18.1	2:51
72.0%	90000	90.00000000006568	-436188.38877668465	305.2499719414783	18.1	2:46
72.8%	91000	91.00000000007046	-436364.83208200196	304.0855671807281	18.1	2:42
73.6%	92000	92.00000000007523	-436661.62106859917	300.6037851106024	18.1	2:37
74.4%	93000	93.00000000008001	-437643.4857237465	303.926226137504	18.1	2:32
75.2%	94000	94.00000000008478	-436641.5577407405	301.7747410007539	18.1	2:27
76.0%	95000	95.00000000008956	-437552.61767267203	305.545297713719	18.1	2:23
76.8%	96000	96.00000000009433	-437481.18606083957	304.35900298788147	18.1	2:18
77.6%	97000	97.0000000000991	-437107.8077859639	303.6581013547074	18.1	2:13
78.4%	98000	98.00000000010388	-437567.4786478472	302.0115300873177	18.1	2:08
79.2%	99000	99.00000000010866	-436651.273195107	300.4099550338065	18.1	2:03
80.0%	100000	100.00000000011343	-436192.0490441029	305.80713193483655	18.1	1:59
80.8%	101000	101.0000000001182	-436778.4964874941	300.9104671847613	18.1	1:54
81.6%	102000	102.00000000012298	-436440.29620113084	301.51808916623287	18.1	1:49
82.4%	103000	103.00000000012776	-436366.7918971726	304.40055742132245	18.1	1:44
83.2%	104000	104.00000000013253	-436357.6178979953	302.4195115941297	18.1	1:40
84.0%	105000	105.0000000001373	-436613.32455195254	301.936192629686	18.1	1:35
84.8%	106000	106.00000000014208	-437603.270508287	304.3336827950592	18.1	1:30
85.6%	107000	107.00000000014685	-437193.59071835736	302.1950463000152	18.1	1:25
86.4%	108000	108.00000000015163	-436504.82214881806	301.5470626037227	18.1	1:21
87.2%	109000	109.0000000001564	-436521.3801235538	301.6273106728643	18.1	1:16
88.0%	110000	110.00000000016118	-437291.7872448242	302.67054640719374	18.1	1:11
88.8%	111000	111.00000000016595	-437658.82350984076	304.96522651360493	18.1	1:06
89.6%	112000	112.00000000017073	-436551.7618996394	305.03383053869214	18.1	1:02
90.4%	113000	113.0000000001755	-436981.0481856675	299.9644396836088	18.1	0:57
91.2%	114000	114.00000000018028	-437034.0788789601	301.78448028068897	18.1	0:52
92.0%	115000	115.00000000018505	-437348.42231041053	303.13467480781287	18.1	0:47
92.8%	116000	116.00000000018983	-437036.77129118005	302.484570398781	18.1	0:42
93.6%	117000	117.0000000001946	-436977.9609807315	303.5919789820904	18.1	0:38
94.4%	118000	118.00000000019938	-435983.92213048646	302.4478495527742	18.1	0:33
95.2%	119000	119.00000000020415	-436620.63443739945	307.12979903837066	18.1	0:28
96.0%	120000	120.00000000020893	-436253.58342882106	302.485708999021	18.1	0:23
96.8%	121000	121.0000000002137	-436266.42426548013	304.33381930908195	18.1	0:19
97.6%	122000	122.00000000021848	-436725.7224796107	306.20452553133504	18.1	0:14
98.4%	123000	123.00000000022325	-436964.7296945532	303.42202324261467	18.1	0:09
99.2%	124000	124.00000000022803	-437491.97802952863	301.3914253123718	18.1	0:04
100.0%	125000	125.0000000002328	-437971.0266874763	299.5559463449676	18.1	0:00
